C51 COMPILER V9.54   7                                                                     08/11/2017 00:48:17 PAGE 1   


C51 COMPILER V9.54, COMPILATION OF MODULE 7
OBJECT MODULE PLACED IN .\Objects\7.obj
COMPILER INVOKED BY: C:\Keil_v5\C51\BIN\C51.EXE 7.c OPTIMIZE(8,SPEED) BROWSE DEBUG OBJECTEXTEND PRINT(.\Listings\7.lst) 
                    -TABS(2) OBJECT(.\Objects\7.obj)

line level    source

   1          #include<reg51.h>
   2          #include<intrins.h>
   3          #define uchar unsigned char
   4          #define uint unsigned int
   5          uchar code DSY_CODE[]={0xc0,0xf9,0xa4,0xb0,0x99,0x92,0x82,0xf8,0x80,0x90,0xff};
   6          //??
   7          void DelayMS(uint x)
   8          {
   9   1        uchar t;
  10   1        while(x--) for(t=0;t<120;t++);
  11   1      }
  12          //???
  13          void main()
  14          {
  15   1        uchar i=0;
  16   1        P0=0x00;
  17   1        while(1)
  18   1        { /* for(;i<11;i++){ P0=~DSY_CODE[i]; DelayMS(300);}  //?:???? */
  19   2          P0=~DSY_CODE[i];
  20   2          i=(i+1)%10;
  21   2          DelayMS(300);
  22   2        }
  23   1      }


MODULE INFORMATION:   STATIC OVERLAYABLE
   CODE SIZE        =     59    ----
   CONSTANT SIZE    =     11    ----
   XDATA SIZE       =   ----    ----
   PDATA SIZE       =   ----    ----
   DATA SIZE        =   ----    ----
   IDATA SIZE       =   ----    ----
   BIT SIZE         =   ----    ----
END OF MODULE INFORMATION.


C51 COMPILATION COMPLETE.  0 WARNING(S),  0 ERROR(S)
