C51 COMPILER V9.54   LED_1                                                                 08/08/2017 00:52:38 PAGE 1   


C51 COMPILER V9.54, COMPILATION OF MODULE LED_1
OBJECT MODULE PLACED IN led_1.OBJ
COMPILER INVOKED BY: C:\Keil_v5\C51\BIN\C51.EXE led_1.c OPTIMIZE(8,SPEED) DEBUG OBJECTEXTEND PRINT(.\Listings\led_1.lst)
                    - TABS(2)

line level    source

   1          #include <reg51.h>
   2          #define uchar unsigned char
   3          #define uint unsigned int
   4          sbit LED=P1^0;
   5          
   6          void DelayMS(uint x)
   7          {
   8   1        uchar i;
   9   1        while(x--)
  10   1        {
  11   2          for(i=0;i<120;i++);
  12   2        }
  13   1      }
  14          
  15          void main()
  16          {
  17   1        LED=0;
  18   1        while(1)
  19   1        {
  20   2          LED=~LED;
  21   2          DelayMS(150);
  22   2        }
  23   1      }


MODULE INFORMATION:   STATIC OVERLAYABLE
   CODE SIZE        =     35    ----
   CONSTANT SIZE    =   ----    ----
   XDATA SIZE       =   ----    ----
   PDATA SIZE       =   ----    ----
   DATA SIZE        =   ----    ----
   IDATA SIZE       =   ----    ----
   BIT SIZE         =   ----    ----
END OF MODULE INFORMATION.


C51 COMPILATION COMPLETE.  0 WARNING(S),  0 ERROR(S)
