C51 COMPILER V9.54   LED_3                                                                 08/08/2017 00:42:57 PAGE 1   


C51 COMPILER V9.54, COMPILATION OF MODULE LED_3
OBJECT MODULE PLACED IN led_3.OBJ
COMPILER INVOKED BY: C:\Keil_v5\C51\BIN\C51.EXE led_3.c OPTIMIZE(8,SPEED) DEBUG OBJECTEXTEND PRINT(.\Listings\led_3.lst)
                    - TABS(2)

line level    source

   1          /*  ??:????????
   2            ??:??P0??8?LED??????????,???????
   3          */
   4          #include<reg51.h>
   5          #include<intrins.h>
   6          #define uchar unsigned char
   7          #define uint unsigned int
   8          //??
   9          void DelayMS(uint x)
  10          {
  11   1        uchar i;
  12   1        while(x--)
  13   1        {
  14   2          for(i=0;i<120;i++);
  15   2        }
  16   1      }
  17          //???
  18          void main()
  19          {
  20   1        P1=0xfe;
  21   1        while(1)
  22   1        {
  23   2          P1=_crol_(P1,1); //P0????????
  24   2          DelayMS(150);
  25   2        }
  26   1      }


MODULE INFORMATION:   STATIC OVERLAYABLE
   CODE SIZE        =     47    ----
   CONSTANT SIZE    =   ----    ----
   XDATA SIZE       =   ----    ----
   PDATA SIZE       =   ----    ----
   DATA SIZE        =   ----    ----
   IDATA SIZE       =   ----    ----
   BIT SIZE         =   ----    ----
END OF MODULE INFORMATION.


C51 COMPILATION COMPLETE.  0 WARNING(S),  0 ERROR(S)
