C51 COMPILER V9.54   LED_4                                                                 08/09/2017 00:11:44 PAGE 1   


C51 COMPILER V9.54, COMPILATION OF MODULE LED_4
OBJECT MODULE PLACED IN .\Objects\led_4.obj
COMPILER INVOKED BY: C:\Keil_v5\C51\BIN\C51.EXE led_4.c OPTIMIZE(8,SPEED) BROWSE DEBUG OBJECTEXTEND PRINT(.\Listings\led
                    -_4.lst) TABS(2) OBJECT(.\Objects\led_4.obj)

line level    source

   1          #include<reg51.h>
   2          #include<intrins.h>
   3          #define uchar unsigned char
   4          #define uint unsigned int
   5          //??
   6          void DelayMS(uint x)
   7          {
   8   1        uchar i;
   9   1        while(x--)
  10   1        {
  11   2          for(i=0;i<120;i++);
  12   2        }
  13   1      }
  14          //???
  15          void main()
  16          {
  17   1        uchar i,j;
  18   1        j=0x01;
  19   1        while(1)
  20   1        {
  21   2          for(i=0;i<7;i++)
  22   2          { 
  23   3            P1=~j;
  24   3            j=_crol_(j,1); //??????
  25   3            
  26   3            DelayMS(500);
  27   3          }
  28   2          for(i=0;i<7;i++)
  29   2          { 
  30   3            P1=~j;
  31   3            j=_cror_(j,1); //??????
  32   3            
  33   3            DelayMS(500);
  34   3          }
  35   2        }
  36   1      }


MODULE INFORMATION:   STATIC OVERLAYABLE
   CODE SIZE        =     87    ----
   CONSTANT SIZE    =   ----    ----
   XDATA SIZE       =   ----    ----
   PDATA SIZE       =   ----    ----
   DATA SIZE        =   ----    ----
   IDATA SIZE       =   ----    ----
   BIT SIZE         =   ----    ----
END OF MODULE INFORMATION.


C51 COMPILATION COMPLETE.  0 WARNING(S),  0 ERROR(S)
